/*C3*/SET SCHEMA PUBLIC
INSERT INTO PERSON VALUES(116,'3123','21312',-5997895200000)
COMMIT
INSERT INTO CAREGIVER VALUES(17,116,'213123',NULL)
COMMIT
DELETE FROM TREATMENT WHERE TID=33
INSERT INTO TREATMENT VALUES(33,17,1654164000000,1654167600000,15,'213321',1656327062361,-6969)
COMMIT
INSERT INTO CAREGIVER_LOCKED VALUES(16)
COMMIT
INSERT INTO PERSON VALUES(117,'123123','12312',917906400000)
COMMIT
INSERT INTO PATIENT VALUES(27,117,4,'4')
COMMIT
INSERT INTO TREATMENT VALUES(34,27,1656324000000,1656334800000,3,'2311',1656327464698,17)
COMMIT
DELETE FROM CAREGIVER WHERE ID=17
INSERT INTO CAREGIVER VALUES(17,116,'213123',1656327464699)
COMMIT
DELETE FROM TREATMENT WHERE TID=34
COMMIT
DELETE FROM TREATMENT WHERE TID=25
COMMIT
DISCONNECT
